\BOOKMARK [1][-]{section.1}{Logic}{}% 1
\BOOKMARK [2][-]{subsection.1.1}{Logical Form}{section.1}% 2
\BOOKMARK [2][-]{subsection.1.2}{Logical Equivalence}{section.1}% 3
\BOOKMARK [2][-]{subsection.1.3}{Conditional Statements}{section.1}% 4
\BOOKMARK [2][-]{subsection.1.4}{Arguments}{section.1}% 5
\BOOKMARK [2][-]{subsection.1.5}{Quantified Statements}{section.1}% 6
\BOOKMARK [1][-]{section.2}{Number Theory}{}% 7
\BOOKMARK [2][-]{subsection.2.1}{Modulo Arithmetic}{section.2}% 8
\BOOKMARK [2][-]{subsection.2.2}{Euclidean Algorithm}{section.2}% 9
\BOOKMARK [2][-]{subsection.2.3}{Sequences}{section.2}% 10
\BOOKMARK [2][-]{subsection.2.4}{Summation Notation}{section.2}% 11
\BOOKMARK [2][-]{subsection.2.5}{Dummy Variable}{section.2}% 12
\BOOKMARK [2][-]{subsection.2.6}{Product Notation}{section.2}% 13
\BOOKMARK [2][-]{subsection.2.7}{Factorial}{section.2}% 14
\BOOKMARK [2][-]{subsection.2.8}{Properties of Summation and Product Notation}{section.2}% 15
\BOOKMARK [2][-]{subsection.2.9}{Mathematical Induction}{section.2}% 16
\BOOKMARK [1][-]{section.3}{Recursive Definitions}{}% 17
\BOOKMARK [2][-]{subsection.3.1}{Ways to Define Sequences}{section.3}% 18
\BOOKMARK [2][-]{subsection.3.2}{Showing a Sequence Satisfies a Recurrence Relation}{section.3}% 19
\BOOKMARK [2][-]{subsection.3.3}{Generalised}{section.3}% 20
\BOOKMARK [1][-]{section.4}{Functions}{}% 21
\BOOKMARK [2][-]{subsection.4.1}{One-to-one}{section.4}% 22
\BOOKMARK [2][-]{subsection.4.2}{Onto}{section.4}% 23
\BOOKMARK [2][-]{subsection.4.3}{Inverse}{section.4}% 24
\BOOKMARK [2][-]{subsection.4.4}{Composition of Functions}{section.4}% 25
\BOOKMARK [1][-]{section.5}{Set Theory}{}% 26
\BOOKMARK [2][-]{subsection.5.1}{Operations on Sets}{section.5}% 27
\BOOKMARK [2][-]{subsection.5.2}{More Definitions for Sets}{section.5}% 28
\BOOKMARK [2][-]{subsection.5.3}{Intervals}{section.5}% 29
\BOOKMARK [2][-]{subsection.5.4}{Cardinality}{section.5}% 30
\BOOKMARK [2][-]{subsection.5.5}{Counting Sets}{section.5}% 31
\BOOKMARK [2][-]{subsection.5.6}{Relations on Sets}{section.5}% 32
\BOOKMARK [1][-]{section.6}{Groups}{}% 33
\BOOKMARK [2][-]{subsection.6.1}{Subgroup}{section.6}% 34
\BOOKMARK [1][-]{section.7}{Counting}{}% 35
\BOOKMARK [2][-]{subsection.7.1}{Inclusion and Exclusion}{section.7}% 36
\BOOKMARK [2][-]{subsection.7.2}{Pigeonhole Principle}{section.7}% 37
\BOOKMARK [1][-]{section.8}{Graph Theory}{}% 38
\BOOKMARK [2][-]{subsection.8.1}{Getting Between Vertices}{section.8}% 39
