\BOOKMARK [1][-]{section.1}{Squeeze Theorem}{}% 1
\BOOKMARK [1][-]{section.2}{A Convergent Sequence is Bounded}{}% 2
\BOOKMARK [1][-]{section.3}{A Bounded, Monotone Sequence Converges}{}% 3
\BOOKMARK [1][-]{section.4}{Existence of a Monotone Subsequnce}{}% 4
\BOOKMARK [1][-]{section.5}{Bolzano-Weiestrass Theorem}{}% 5
\BOOKMARK [1][-]{section.6}{Limit Arithmetic}{}% 6
\BOOKMARK [1][-]{section.7}{Differentiability implies Continuity}{}% 7
\BOOKMARK [1][-]{section.8}{Derivative Arithmetic}{}% 8
\BOOKMARK [1][-]{section.9}{Rolle's Theorem}{}% 9
\BOOKMARK [1][-]{section.10}{The Mean Value Theorem}{}% 10
\BOOKMARK [1][-]{section.11}{A Vanishing Derivative Implies a Constant Function}{}% 11
\BOOKMARK [1][-]{section.12}{A Continuous Function on an interval is Uniformly Continuous}{}% 12
\BOOKMARK [1][-]{section.13}{Integrability Condition}{}% 13
\BOOKMARK [1][-]{section.14}{Finite Discontinuities implies Integrability}{}% 14
\BOOKMARK [1][-]{section.15}{A Monotone Function is Integrable}{}% 15
\BOOKMARK [1][-]{section.16}{The Mean Value Theorem For Integrals}{}% 16
\BOOKMARK [1][-]{section.17}{Continuity of an Antiderivative}{}% 17
\BOOKMARK [1][-]{section.18}{The Fundamental Theorem of Calculus}{}% 18
\BOOKMARK [1][-]{section.19}{Substitution Formula}{}% 19
\BOOKMARK [1][-]{section.20}{Integration by Parts}{}% 20
\BOOKMARK [1][-]{section.21}{Integral Test}{}% 21
\BOOKMARK [1][-]{section.22}{Limit Comparison Test}{}% 22
\BOOKMARK [1][-]{section.23}{Ratio Test}{}% 23
\BOOKMARK [1][-]{section.24}{The Leibniz Test}{}% 24
\BOOKMARK [1][-]{section.25}{An Absolutely Convergent Series implies convergence}{}% 25
\BOOKMARK [1][-]{section.26}{Maclaurin Series Examples}{}% 26
\BOOKMARK [1][-]{section.27}{Inhomogenous Linear System Solutions}{}% 27
\BOOKMARK [1][-]{section.28}{Invertibility of a Matrix and the Null Space}{}% 28
\BOOKMARK [1][-]{section.29}{Linearity of the Determinant}{}% 29
\BOOKMARK [1][-]{section.30}{Invertibility and the Determinant}{}% 30
